<?xml version="1.0" encoding="UTF-8"?>
<!-- Generated by org.testng.reporters.JUnitReportReporter -->
<testsuite hostname="LAPTOP-SSE6O0KD" failures="0" tests="1" name="qa.runner.Runners" time="0.160" errors="0" timestamp="2022-06-08T15:41:44 COT" skipped="0">
  <testcase classname="qa.runner.Runners" name="runScenario" time="0.160"/>
  <system-out/>
</testsuite> <!-- qa.runner.Runners -->
